<?xml version="1.0" encoding="utf-8"?><testsuites name="pytest tests"><testsuite name="pytest" errors="0" failures="0" skipped="0" tests="22" time="6.384" timestamp="2026-03-19T18:20:49.407199+00:00" hostname="agent-env-455a5043-ebdf-4876-92cf-ddc1def3ec3d"><testcase classname="backend.tests.test_admin_promotions.TestAdminAuth" name="test_admin_login_success" time="0.177" /><testcase classname="backend.tests.test_admin_promotions.TestAdminAuth" name="test_admin_login_invalid_credentials" time="0.115" /><testcase classname="backend.tests.test_admin_promotions.TestAdminAuth" name="test_admin_verify_valid_token" time="0.241" /><testcase classname="backend.tests.test_admin_promotions.TestAdminAuth" name="test_admin_verify_invalid_token" time="0.150" /><testcase classname="backend.tests.test_admin_promotions.TestQuickPriceUpdate" name="test_quick_price_update_success" time="0.341" /><testcase classname="backend.tests.test_admin_promotions.TestQuickPriceUpdate" name="test_quick_price_update_multiple_fields" time="0.345" /><testcase classname="backend.tests.test_admin_promotions.TestQuickPriceUpdate" name="test_quick_price_update_no_fields" time="0.221" /><testcase classname="backend.tests.test_admin_promotions.TestQuickPriceUpdate" name="test_quick_price_update_unauthorized" time="0.107" /><testcase classname="backend.tests.test_admin_promotions.TestPromotionsGet" name="test_get_all_promotions" time="0.249" /><testcase classname="backend.tests.test_admin_promotions.TestPromotionsGet" name="test_promotion_structure" time="0.287" /><testcase classname="backend.tests.test_admin_promotions.TestPromotionsGet" name="test_get_promotions_unauthorized" time="0.104" /><testcase classname="backend.tests.test_admin_promotions.TestPromotionsCreate" name="test_create_promotion_percentage" time="0.346" /><testcase classname="backend.tests.test_admin_promotions.TestPromotionsCreate" name="test_create_promotion_fixed" time="0.495" /><testcase classname="backend.tests.test_admin_promotions.TestPromotionsCreate" name="test_create_duplicate_promotion" time="0.208" /><testcase classname="backend.tests.test_admin_promotions.TestPromotionsUpdate" name="test_update_promotion" time="0.555" /><testcase classname="backend.tests.test_admin_promotions.TestPromotionsUpdate" name="test_update_nonexistent_promotion" time="0.224" /><testcase classname="backend.tests.test_admin_promotions.TestPromotionsToggle" name="test_toggle_promotion_active" time="0.590" /><testcase classname="backend.tests.test_admin_promotions.TestPromotionsToggle" name="test_toggle_nonexistent_promotion" time="0.258" /><testcase classname="backend.tests.test_admin_promotions.TestPromotionsDelete" name="test_delete_promotion" time="0.458" /><testcase classname="backend.tests.test_admin_promotions.TestPromotionsDelete" name="test_delete_nonexistent_promotion" time="0.236" /><testcase classname="backend.tests.test_admin_promotions.TestAdminProducts" name="test_get_admin_products" time="0.319" /><testcase classname="backend.tests.test_admin_promotions.TestAdminProducts" name="test_products_have_price_fields" time="0.230" /></testsuite></testsuites>