<?xml version="1.0" encoding="utf-8"?><testsuites name="pytest tests"><testsuite name="pytest" errors="0" failures="0" skipped="0" tests="16" time="3.833" timestamp="2026-03-20T05:41:55.302571+00:00" hostname="agent-env-455a5043-ebdf-4876-92cf-ddc1def3ec3d"><testcase classname="backend.tests.test_customer_auth.TestCustomerRegistration" name="test_register_new_customer" time="0.130" /><testcase classname="backend.tests.test_customer_auth.TestCustomerRegistration" name="test_register_duplicate_email_rejected" time="0.196" /><testcase classname="backend.tests.test_customer_auth.TestCustomerLogin" name="test_login_existing_customer" time="0.094" /><testcase classname="backend.tests.test_customer_auth.TestCustomerLogin" name="test_login_wrong_password_rejected" time="0.109" /><testcase classname="backend.tests.test_customer_auth.TestCustomerLogin" name="test_login_nonexistent_email_rejected" time="0.101" /><testcase classname="backend.tests.test_customer_auth.TestCustomerProfile" name="test_get_profile_authenticated" time="0.193" /><testcase classname="backend.tests.test_customer_auth.TestCustomerProfile" name="test_get_profile_unauthenticated" time="0.101" /><testcase classname="backend.tests.test_customer_auth.TestCustomerProfile" name="test_get_profile_invalid_token" time="0.095" /><testcase classname="backend.tests.test_customer_auth.TestCustomerProfile" name="test_update_profile" time="0.461" /><testcase classname="backend.tests.test_customer_auth.TestCustomerAddress" name="test_save_shipping_address" time="0.305" /><testcase classname="backend.tests.test_customer_auth.TestCustomerOrders" name="test_get_orders_authenticated" time="0.207" /><testcase classname="backend.tests.test_customer_auth.TestCustomerOrders" name="test_get_orders_unauthenticated" time="0.097" /><testcase classname="backend.tests.test_customer_auth.TestCheckoutShippingValidation" name="test_checkout_rejects_missing_shipping" time="0.302" /><testcase classname="backend.tests.test_customer_auth.TestCheckoutShippingValidation" name="test_checkout_rejects_missing_phone" time="0.307" /><testcase classname="backend.tests.test_customer_auth.TestCheckoutShippingValidation" name="test_checkout_rejects_missing_required_fields" time="0.309" /><testcase classname="backend.tests.test_customer_auth.TestCheckoutShippingValidation" name="test_checkout_accepts_complete_shipping" time="0.770" /></testsuite></testsuites>