<?xml version="1.0" encoding="utf-8"?><testsuites name="pytest tests"><testsuite name="pytest" errors="0" failures="0" skipped="0" tests="17" time="2.603" timestamp="2026-03-20T17:13:27.972189+00:00" hostname="agent-env-455a5043-ebdf-4876-92cf-ddc1def3ec3d"><testcase classname="backend.tests.test_rebrand.TestProductsRebrand" name="test_products_endpoint_returns_5_products" time="0.137" /><testcase classname="backend.tests.test_rebrand.TestProductsRebrand" name="test_polished_collagen_base_product" time="0.100" /><testcase classname="backend.tests.test_rebrand.TestProductsRebrand" name="test_morning_glow_creamer_product" time="0.128" /><testcase classname="backend.tests.test_rebrand.TestProductsRebrand" name="test_glow_treat_collagen_product" time="0.143" /><testcase classname="backend.tests.test_rebrand.TestProductsRebrand" name="test_night_renewal_serum_product" time="0.120" /><testcase classname="backend.tests.test_rebrand.TestProductsRebrand" name="test_deep_sleep_recovery_cream_product" time="0.105" /><testcase classname="backend.tests.test_rebrand.TestBundlesRebrand" name="test_bundles_endpoint_returns_3_bundles" time="0.120" /><testcase classname="backend.tests.test_rebrand.TestBundlesRebrand" name="test_30_day_glow_system_bundle" time="0.105" /><testcase classname="backend.tests.test_rebrand.TestBundlesRebrand" name="test_morning_beauty_ritual_kit_bundle" time="0.105" /><testcase classname="backend.tests.test_rebrand.TestBundlesRebrand" name="test_glow_indulgence_kit_bundle" time="0.107" /><testcase classname="backend.tests.test_rebrand.TestReviewsRebrand" name="test_reviews_endpoint_works" time="0.109" /><testcase classname="backend.tests.test_rebrand.TestReviewsRebrand" name="test_reviews_have_new_product_names" time="0.110" /><testcase classname="backend.tests.test_rebrand.TestCartCheckout" name="test_create_cart" time="0.111" /><testcase classname="backend.tests.test_rebrand.TestCartCheckout" name="test_add_item_to_cart" time="0.255" /><testcase classname="backend.tests.test_rebrand.TestCartCheckout" name="test_get_cart_totals" time="0.361" /><testcase classname="backend.tests.test_rebrand.TestAdminProducts" name="test_admin_login" time="0.121" /><testcase classname="backend.tests.test_rebrand.TestAdminProducts" name="test_admin_get_products" time="0.225" /></testsuite></testsuites>